<?xml version="1.0" encoding="UTF-8"?>
<testng-results skipped="0" failed="0" total="1" passed="1">
  <reporter-output>
  </reporter-output>
  <suite name="TestSuite" duration-ms="20089" started-at="2015-01-20T05:31:52Z" finished-at="2015-01-20T05:32:12Z">
    <groups>
    </groups>
    <test name="Test FF" duration-ms="20089" started-at="2015-01-20T05:31:52Z" finished-at="2015-01-20T05:32:12Z">
      <class name="com.jdpa.services.Controller">
        <test-method status="PASS" signature="init()[pri:0, instance:com.jdpa.services.Controller@4c1ce791]" name="init" is-config="true" duration-ms="16087" started-at="2015-01-20T11:01:52Z" finished-at="2015-01-20T11:02:08Z">
          <reporter-output>
          </reporter-output>
        </test-method> <!-- init -->
        <test-method status="PASS" signature="firstTest()[pri:0, instance:com.jdpa.services.Controller@4c1ce791]" name="firstTest" duration-ms="3992" started-at="2015-01-20T11:02:08Z" finished-at="2015-01-20T11:02:12Z">
          <reporter-output>
          </reporter-output>
        </test-method> <!-- firstTest -->
      </class> <!-- com.jdpa.services.Controller -->
    </test> <!-- Test FF -->
  </suite> <!-- TestSuite -->
</testng-results>
